<?xml version="1.0" encoding="UTF-8"?>
<testng-results ignored="0" total="1" passed="1" failed="0" skipped="0">
  <reporter-output>
  </reporter-output>
  <suite started-at="2025-02-19T20:00:58 IST" name="Suite" finished-at="2025-02-19T20:01:11 IST" duration-ms="13437">
    <groups>
    </groups>
    <test started-at="2025-02-19T20:00:58 IST" name="Test" finished-at="2025-02-19T20:01:11 IST" duration-ms="13437">
      <class name="Automation.NaukriRefresh.LoginTest">
        <test-method signature="testLogin()[pri:0, instance:Automation.NaukriRefresh.LoginTest@1725dc0f]" started-at="2025-02-19T20:00:58 IST" name="testLogin" finished-at="2025-02-19T20:01:11 IST" duration-ms="13402" status="PASS">
          <reporter-output>
          </reporter-output>
        </test-method> <!-- testLogin -->
      </class> <!-- Automation.NaukriRefresh.LoginTest -->
    </test> <!-- Test -->
  </suite> <!-- Suite -->
</testng-results>
