<?xml version="1.0" encoding="UTF-8"?>
<testng-results ignored="0" total="1" passed="1" failed="0" skipped="0">
  <reporter-output>
  </reporter-output>
  <suite started-at="2025-02-19T19:26:38 IST" name="Default suite" finished-at="2025-02-19T19:26:47 IST" duration-ms="9668">
    <groups>
    </groups>
    <test started-at="2025-02-19T19:26:38 IST" name="Default test" finished-at="2025-02-19T19:26:47 IST" duration-ms="9668">
      <class name="Automation.NaukriRefresh.Login">
        <test-method signature="login()[pri:0, instance:Automation.NaukriRefresh.Login@1a482e36]" started-at="2025-02-19T19:26:38 IST" name="login" finished-at="2025-02-19T19:26:47 IST" duration-ms="9628" status="PASS">
          <reporter-output>
          </reporter-output>
        </test-method> <!-- login -->
      </class> <!-- Automation.NaukriRefresh.Login -->
    </test> <!-- Default test -->
  </suite> <!-- Default suite -->
</testng-results>
