<?xml version="1.0" encoding="UTF-8"?>
<testng-results ignored="0" total="1" passed="1" failed="0" skipped="0">
  <reporter-output>
  </reporter-output>
  <suite started-at="2025-06-17T21:41:54 IST" name="Default suite" finished-at="2025-06-17T21:42:05 IST" duration-ms="11425">
    <groups>
    </groups>
    <test started-at="2025-06-17T21:41:54 IST" name="Default test" finished-at="2025-06-17T21:42:05 IST" duration-ms="11425">
      <class name="Automation.NaukriRefresh.LoginTest">
        <test-method signature="testLogin()[pri:0, instance:Automation.NaukriRefresh.LoginTest@223191a6]" started-at="2025-06-17T21:41:54 IST" name="testLogin" finished-at="2025-06-17T21:42:05 IST" duration-ms="11381" status="PASS">
          <reporter-output>
          </reporter-output>
        </test-method> <!-- testLogin -->
      </class> <!-- Automation.NaukriRefresh.LoginTest -->
    </test> <!-- Default test -->
  </suite> <!-- Default suite -->
</testng-results>
